<?xml version="1.0" encoding="UTF-8"?>
<!-- Generated by org.testng.reporters.JUnitReportReporter -->
<testsuite hostname="DESKTOP-IPNI0DB" failures="0" tests="1" name="com.crm.createAndVerifyContacts.ToCreateAndVerifyContactsTest" time="16.842" errors="0" timestamp="2022-06-21T11:53:18 IST" skipped="0">
  <testcase classname="com.crm.createAndVerifyContacts.ToCreateAndVerifyContactsTest" name="toCreateAndVerifyContactsTest" time="16.842"/>
  <system-out/>
</testsuite> <!-- com.crm.createAndVerifyContacts.ToCreateAndVerifyContactsTest -->
